<?xml version="1.0" encoding="UTF-8"?>
<testsuite xmlns:xsi="http://www.w3.org/2001/XMLSchema-instance" xsi:schemaLocation="https://maven.apache.org/surefire/maven-surefire-plugin/xsd/surefire-test-report.xsd" name="MyRunner.TestRunner" time="0.598" tests="4" errors="2" skipped="2" failures="0">
  <properties>
[...]
</properties>
  <testcase name="Given user is on the login page" classname="| standard_user | secret_sauce |" time="0.004">
    <error type="java.lang.ExceptionInInitializerError">java.lang.ExceptionInInitializerError
Caused by: java.lang.reflect.InaccessibleObjectException: Unable to make field private final java.util.Comparator java.util.TreeMap.comparator accessible: module java.base does not "opens java.util" to unnamed module @5f5a92bb
</error>
    <system-out><![CDATA[Feature: SauceDemo Automation

  @SmokeTest" @RegressionTest", @End2End
  Scenario Outline: Login to SauceDemo website and randomly choose 3 selections # src/test/java/Features/sauceDemo.feature:4
    Given user is on the login page
    When user enters "<username>" and "<password>"
    Then user selects three selection randomly

    Examples: 
]]></system-out>
  </testcase>
  <testcase name="| standard_user | secret_sauce |" classname="| standard_user | secret_sauce |" time="0.005">
    <error type="java.lang.ExceptionInInitializerError">java.lang.ExceptionInInitializerError
Caused by: java.lang.reflect.InaccessibleObjectException: Unable to make field private final java.util.Comparator java.util.TreeMap.comparator accessible: module java.base does not "opens java.util" to unnamed module @5f5a92bb
</error>
  </testcase>
  <testcase name="When user enters &quot;standard_user&quot; and &quot;secret_sauce&quot;" classname="| standard_user | secret_sauce |" time="0">
    <skipped/>
  </testcase>
  <testcase name="Then user selects three selection randomly" classname="| standard_user | secret_sauce |" time="0">
    <skipped/>
  </testcase>
</testsuite>